This is pdfTeX, Version 3.141592653-2.6-1.40.24 (MiKTeX 22.12) (preloaded format=pdflatex.fmt)
 restricted \write18 enabled.
entering extended mode
(leiwandplots/graph0.tex
LaTeX2e <2022-11-01> patch level 1
L3 programming layer <2022-12-17>
(C:\Users\Toaster\AppData\Local\Programs\MiKTeX\tex/latex/standalone\standalone
.cls
Document Class: standalone 2022/10/10 v1.3b Class to compile TeX sub-files stan
dalone
(C:\Users\Toaster\AppData\Local\Programs\MiKTeX\tex/latex/tools\shellesc.sty)
(C:\Users\Toaster\AppData\Local\Programs\MiKTeX\tex/generic/iftex\ifluatex.sty
(C:\Users\Toaster\AppData\Local\Programs\MiKTeX\tex/generic/iftex\iftex.sty))
(C:\Users\Toaster\AppData\Local\Programs\MiKTeX\tex/latex/xkeyval\xkeyval.sty
(C:\Users\Toaster\AppData\Local\Programs\MiKTeX\tex/generic/xkeyval\xkeyval.tex

(C:\Users\Toaster\AppData\Local\Programs\MiKTeX\tex/generic/xkeyval\xkvutils.te
x
(C:\Users\Toaster\AppData\Local\Programs\MiKTeX\tex/generic/xkeyval\keyval.tex)
)))
(C:\Users\Toaster\AppData\Local\Programs\MiKTeX\tex/latex/standalone\standalone
.cfg
======================================================================
starting package maintenance...
installation directory: C:\Users\Toaster\AppData\Local\Programs\MiKTeX
package repository: https://mirror.csclub.uwaterloo.ca/CTAN/systems/win32/miktex/tm/packages/
package repository digest: 5ccdfe052d21ee01274c22421d03f039
going to download 6917 bytes
going to install 10 file(s) (1 package(s))
downloading https://mirror.csclub.uwaterloo.ca/CTAN/systems/win32/miktex/tm/packages/preview.tar.lzma...
0.01 MB, 0.31 Mbit/s
extracting files from preview.tar.lzma...
======================================================================
)
(C:\Users\Toaster\AppData\Local\Programs\MiKTeX\tex/latex/base\article.cls
Document Class: article 2022/07/02 v1.4n Standard LaTeX document class
(C:\Users\Toaster\AppData\Local\Programs\MiKTeX\tex/latex/base\size10.clo)))
(C:\Users\Toaster\AppData\Local\Programs\MiKTeX\tex/latex/pgf/frontendlayer\tik
z.sty
(C:\Users\Toaster\AppData\Local\Programs\MiKTeX\tex/latex/pgf/basiclayer\pgf.st
y
(C:\Users\Toaster\AppData\Local\Programs\MiKTeX\tex/latex/pgf/utilities\pgfrcs.
sty
(C:\Users\Toaster\AppData\Local\Programs\MiKTeX\tex/generic/pgf/utilities\pgfut
il-common.tex
(C:\Users\Toaster\AppData\Local\Programs\MiKTeX\tex/generic/pgf/utilities\pgfut
il-common-lists.tex))
(C:\Users\Toaster\AppData\Local\Programs\MiKTeX\tex/generic/pgf/utilities\pgfut
il-latex.def)
(C:\Users\Toaster\AppData\Local\Programs\MiKTeX\tex/generic/pgf/utilities\pgfrc
s.code.tex
(C:\Users\Toaster\AppData\Local\Programs\MiKTeX\tex/generic/pgf\pgf.revision.te
x)))
(C:\Users\Toaster\AppData\Local\Programs\MiKTeX\tex/latex/pgf/basiclayer\pgfcor
e.sty
(C:\Users\Toaster\AppData\Local\Programs\MiKTeX\tex/latex/graphics\graphicx.sty

(C:\Users\Toaster\AppData\Local\Programs\MiKTeX\tex/latex/graphics\graphics.sty
(C:\Users\Toaster\AppData\Local\Programs\MiKTeX\tex/latex/graphics\trig.sty)
(C:\Users\Toaster\AppData\Local\Programs\MiKTeX\tex/latex/graphics-cfg\graphics
.cfg)
(C:\Users\Toaster\AppData\Local\Programs\MiKTeX\tex/latex/graphics-def\pdftex.d
ef)))
(C:\Users\Toaster\AppData\Local\Programs\MiKTeX\tex/latex/pgf/systemlayer\pgfsy
s.sty
(C:\Users\Toaster\AppData\Local\Programs\MiKTeX\tex/generic/pgf/systemlayer\pgf
sys.code.tex
(C:\Users\Toaster\AppData\Local\Programs\MiKTeX\tex/generic/pgf/utilities\pgfke
ys.code.tex
(C:\Users\Toaster\AppData\Local\Programs\MiKTeX\tex/generic/pgf/utilities\pgfke
ysfiltered.code.tex))
(C:\Users\Toaster\AppData\Local\Programs\MiKTeX\tex/generic/pgf/systemlayer\pgf
.cfg)
(C:\Users\Toaster\AppData\Local\Programs\MiKTeX\tex/generic/pgf/systemlayer\pgf
sys-pdftex.def
(C:\Users\Toaster\AppData\Local\Programs\MiKTeX\tex/generic/pgf/systemlayer\pgf
sys-common-pdf.def)))
(C:\Users\Toaster\AppData\Local\Programs\MiKTeX\tex/generic/pgf/systemlayer\pgf
syssoftpath.code.tex)
(C:\Users\Toaster\AppData\Local\Programs\MiKTeX\tex/generic/pgf/systemlayer\pgf
sysprotocol.code.tex))
(C:\Users\Toaster\AppData\Local\Programs\MiKTeX\tex/latex/xcolor\xcolor.sty
(C:\Users\Toaster\AppData\Local\Programs\MiKTeX\tex/latex/graphics-cfg\color.cf
g)
(C:\Users\Toaster\AppData\Local\Programs\MiKTeX\tex/latex/graphics\mathcolor.lt
x))
(C:\Users\Toaster\AppData\Local\Programs\MiKTeX\tex/generic/pgf/basiclayer\pgfc
ore.code.tex
(C:\Users\Toaster\AppData\Local\Programs\MiKTeX\tex/generic/pgf/math\pgfmath.co
de.tex
(C:\Users\Toaster\AppData\Local\Programs\MiKTeX\tex/generic/pgf/math\pgfmathcal
c.code.tex
(C:\Users\Toaster\AppData\Local\Programs\MiKTeX\tex/generic/pgf/math\pgfmathuti
l.code.tex)
(C:\Users\Toaster\AppData\Local\Programs\MiKTeX\tex/generic/pgf/math\pgfmathpar
ser.code.tex)
(C:\Users\Toaster\AppData\Local\Programs\MiKTeX\tex/generic/pgf/math\pgfmathfun
ctions.code.tex
(C:\Users\Toaster\AppData\Local\Programs\MiKTeX\tex/generic/pgf/math\pgfmathfun
ctions.basic.code.tex)
(C:\Users\Toaster\AppData\Local\Programs\MiKTeX\tex/generic/pgf/math\pgfmathfun
ctions.trigonometric.code.tex)
(C:\Users\Toaster\AppData\Local\Programs\MiKTeX\tex/generic/pgf/math\pgfmathfun
ctions.random.code.tex)
(C:\Users\Toaster\AppData\Local\Programs\MiKTeX\tex/generic/pgf/math\pgfmathfun
ctions.comparison.code.tex)
(C:\Users\Toaster\AppData\Local\Programs\MiKTeX\tex/generic/pgf/math\pgfmathfun
ctions.base.code.tex)
(C:\Users\Toaster\AppData\Local\Programs\MiKTeX\tex/generic/pgf/math\pgfmathfun
ctions.round.code.tex)
(C:\Users\Toaster\AppData\Local\Programs\MiKTeX\tex/generic/pgf/math\pgfmathfun
ctions.misc.code.tex)
(C:\Users\Toaster\AppData\Local\Programs\MiKTeX\tex/generic/pgf/math\pgfmathfun
ctions.integerarithmetics.code.tex)))
(C:\Users\Toaster\AppData\Local\Programs\MiKTeX\tex/generic/pgf/math\pgfmathflo
at.code.tex))
(C:\Users\Toaster\AppData\Local\Programs\MiKTeX\tex/generic/pgf/math\pgfint.cod
e.tex)
(C:\Users\Toaster\AppData\Local\Programs\MiKTeX\tex/generic/pgf/basiclayer\pgfc
orepoints.code.tex)
(C:\Users\Toaster\AppData\Local\Programs\MiKTeX\tex/generic/pgf/basiclayer\pgfc
orepathconstruct.code.tex)
(C:\Users\Toaster\AppData\Local\Programs\MiKTeX\tex/generic/pgf/basiclayer\pgfc
orepathusage.code.tex)
(C:\Users\Toaster\AppData\Local\Programs\MiKTeX\tex/generic/pgf/basiclayer\pgfc
orescopes.code.tex)
(C:\Users\Toaster\AppData\Local\Programs\MiKTeX\tex/generic/pgf/basiclayer\pgfc
oregraphicstate.code.tex)
(C:\Users\Toaster\AppData\Local\Programs\MiKTeX\tex/generic/pgf/basiclayer\pgfc
oretransformations.code.tex)
(C:\Users\Toaster\AppData\Local\Programs\MiKTeX\tex/generic/pgf/basiclayer\pgfc
orequick.code.tex)
(C:\Users\Toaster\AppData\Local\Programs\MiKTeX\tex/generic/pgf/basiclayer\pgfc
oreobjects.code.tex)
(C:\Users\Toaster\AppData\Local\Programs\MiKTeX\tex/generic/pgf/basiclayer\pgfc
orepathprocessing.code.tex)
(C:\Users\Toaster\AppData\Local\Programs\MiKTeX\tex/generic/pgf/basiclayer\pgfc
orearrows.code.tex)
(C:\Users\Toaster\AppData\Local\Programs\MiKTeX\tex/generic/pgf/basiclayer\pgfc
oreshade.code.tex)
(C:\Users\Toaster\AppData\Local\Programs\MiKTeX\tex/generic/pgf/basiclayer\pgfc
oreimage.code.tex
(C:\Users\Toaster\AppData\Local\Programs\MiKTeX\tex/generic/pgf/basiclayer\pgfc
oreexternal.code.tex))
(C:\Users\Toaster\AppData\Local\Programs\MiKTeX\tex/generic/pgf/basiclayer\pgfc
orelayers.code.tex)
(C:\Users\Toaster\AppData\Local\Programs\MiKTeX\tex/generic/pgf/basiclayer\pgfc
oretransparency.code.tex)
(C:\Users\Toaster\AppData\Local\Programs\MiKTeX\tex/generic/pgf/basiclayer\pgfc
orepatterns.code.tex)
(C:\Users\Toaster\AppData\Local\Programs\MiKTeX\tex/generic/pgf/basiclayer\pgfc
orerdf.code.tex)))
(C:\Users\Toaster\AppData\Local\Programs\MiKTeX\tex/generic/pgf/modules\pgfmodu
leshapes.code.tex)
(C:\Users\Toaster\AppData\Local\Programs\MiKTeX\tex/generic/pgf/modules\pgfmodu
leplot.code.tex)
(C:\Users\Toaster\AppData\Local\Programs\MiKTeX\tex/latex/pgf/compatibility\pgf
comp-version-0-65.sty)
(C:\Users\Toaster\AppData\Local\Programs\MiKTeX\tex/latex/pgf/compatibility\pgf
comp-version-1-18.sty))
(C:\Users\Toaster\AppData\Local\Programs\MiKTeX\tex/latex/pgf/utilities\pgffor.
sty
(C:\Users\Toaster\AppData\Local\Programs\MiKTeX\tex/latex/pgf/utilities\pgfkeys
.sty
(C:\Users\Toaster\AppData\Local\Programs\MiKTeX\tex/generic/pgf/utilities\pgfke
ys.code.tex))
(C:\Users\Toaster\AppData\Local\Programs\MiKTeX\tex/latex/pgf/math\pgfmath.sty
(C:\Users\Toaster\AppData\Local\Programs\MiKTeX\tex/generic/pgf/math\pgfmath.co
de.tex))
(C:\Users\Toaster\AppData\Local\Programs\MiKTeX\tex/generic/pgf/utilities\pgffo
r.code.tex
(C:\Users\Toaster\AppData\Local\Programs\MiKTeX\tex/generic/pgf/math\pgfmath.co
de.tex)))
(C:\Users\Toaster\AppData\Local\Programs\MiKTeX\tex/generic/pgf/frontendlayer/t
ikz\tikz.code.tex
(C:\Users\Toaster\AppData\Local\Programs\MiKTeX\tex/generic/pgf/libraries\pgfli
braryplothandlers.code.tex)
(C:\Users\Toaster\AppData\Local\Programs\MiKTeX\tex/generic/pgf/modules\pgfmodu
lematrix.code.tex)
(C:\Users\Toaster\AppData\Local\Programs\MiKTeX\tex/generic/pgf/frontendlayer/t
ikz/libraries\tikzlibrarytopaths.code.tex)))
(C:\Users\Toaster\AppData\Local\Programs\MiKTeX\tex/generic/pgf/frontendlayer/t
ikz/libraries\tikzlibrarydecorations.markings.code.tex
(C:\Users\Toaster\AppData\Local\Programs\MiKTeX\tex/generic/pgf/frontendlayer/t
ikz/libraries\tikzlibrarydecorations.code.tex
(C:\Users\Toaster\AppData\Local\Programs\MiKTeX\tex/generic/pgf/modules\pgfmodu
ledecorations.code.tex))
(C:\Users\Toaster\AppData\Local\Programs\MiKTeX\tex/generic/pgf/libraries/decor
ations\pgflibrarydecorations.markings.code.tex))
(C:\Users\Toaster\AppData\Local\Programs\MiKTeX\tex/generic/pgf/frontendlayer/t
ikz/libraries\tikzlibraryshapes.geometric.code.tex
(C:\Users\Toaster\AppData\Local\Programs\MiKTeX\tex/generic/pgf/libraries/shape
s\pgflibraryshapes.geometric.code.tex))
(C:\Users\Toaster\AppData\Local\Programs\MiKTeX\tex/latex/l3backend\l3backend-p
dftex.def)
No file graph0.aux.

(C:\Users\Toaster\AppData\Local\Programs\MiKTeX\tex/context/base/mkii\supp-pdf.
mkii
[Loading MPS to PDF converter (version 2006.09.02).]
)
(C:\Users\Toaster\AppData\Local\Programs\MiKTeX\tex/latex/epstopdf-pkg\epstopdf
-base.sty
(C:\Users\Toaster\AppData\Local\Programs\MiKTeX\tex/latex/00miktex\epstopdf-sys
.cfg)) [1{C:/Users/Toaster/AppData/Local/MiKTeX/fonts/map/pdftex/pdftex.map}]
(graph0.aux) )<C:/Users/Toaster/AppData/Local/Programs/MiKTeX/fonts/type1/publi
c/amsfonts/cm/cmr10.pfb>
Output written on graph0.pdf (1 page, 27071 bytes).
Transcript written on graph0.log.
